<?xml version="1.0" encoding="UTF-8"?>
<!-- Generated by org.testng.reporters.JUnitXMLReporter -->
<testsuite hostname="DESKTOP-ARPIVNN" name="Test" tests="2" failures="0" timestamp="18 Apr 2021 00:55:56 GMT" time="40.181" errors="0">
  <testcase name="UpdatePersonalInformationInMyAccount" time="18.659" classname="Com.Test.Nirali.Scenario2_UpdatePersonalInformationInMyAccount"/>
  <testcase name="orderTshirt" time="19.07" classname="Com.Test.Nirali.Scenario1_OrderTshirt"/>
</testsuite> <!-- Test -->
